# JRE version: Java(TM) SE Runtime Environment (7.0_67-b01) (build 1.7.0_67-b01)
# Java VM: Java HotSpot(TM) 64-Bit Server VM (24.65-b04 mixed mode linux-amd64 compressed oops)
Heap
 par new generation   total 39296K, used 30800K [0x00000000bb400000, 0x00000000bdea0000, 0x00000000cae00000)
  eden space 34944K,  84% used [0x00000000bb400000, 0x00000000bd0b7850, 0x00000000bd620000)
  from space 4352K,  32% used [0x00000000bd620000, 0x00000000bd77ca40, 0x00000000bda60000)
  to   space 4352K,   0% used [0x00000000bda60000, 0x00000000bda60000, 0x00000000bdea0000)
 concurrent mark-sweep generation total 157804K, used 108280K [0x00000000cae00000, 0x00000000d481b000, 0x00000000ea200000)
 concurrent-mark-sweep perm gen total 107340K, used 81878K [0x00000000ea200000, 0x00000000f0ad3000, 0x0000000100000000)
GC Heap History (10 events):
Event: 85.975 GC heap before
{Heap before GC invocations=69 (full 4):
 par new generation   total 39296K, used 37638K [0x00000000bb400000, 0x00000000bdea0000, 0x00000000cae00000)
  eden space 34944K, 100% used [0x00000000bb400000, 0x00000000bd620000, 0x00000000bd620000)
  from space 4352K,  61% used [0x00000000bda60000, 0x00000000bdd01b68, 0x00000000bdea0000)
  to   space 4352K,   0% used [0x00000000bd620000, 0x00000000bd620000, 0x00000000bda60000)
 concurrent mark-sweep generation total 157804K, used 103072K [0x00000000cae00000, 0x00000000d481b000, 0x00000000ea200000)
 concurrent-mark-sweep perm gen total 107340K, used 81346K [0x00000000ea200000, 0x00000000f0ad3000, 0x0000000100000000)
Event: 85.978 GC heap after
Heap after GC invocations=70 (full 4):
 par new generation   total 39296K, used 2651K [0x00000000bb400000, 0x00000000bdea0000, 0x00000000cae00000)
  eden space 34944K,   0% used [0x00000000bb400000, 0x00000000bb400000, 0x00000000bd620000)
  from space 4352K,  60% used [0x00000000bd620000, 0x00000000bd8b6c58, 0x00000000bda60000)
  to   space 4352K,   0% used [0x00000000bda60000, 0x00000000bda60000, 0x00000000bdea0000)
 concurrent mark-sweep generation total 157804K, used 103141K [0x00000000cae00000, 0x00000000d481b000, 0x00000000ea200000)
 concurrent-mark-sweep perm gen total 107340K, used 81346K [0x00000000ea200000, 0x00000000f0ad3000, 0x0000000100000000)
}
Event: 87.469 GC heap before
{Heap before GC invocations=70 (full 4):
 par new generation   total 39296K, used 37595K [0x00000000bb400000, 0x00000000bdea0000, 0x00000000cae00000)
  eden space 34944K, 100% used [0x00000000bb400000, 0x00000000bd620000, 0x00000000bd620000)
  from space 4352K,  60% used [0x00000000bd620000, 0x00000000bd8b6c58, 0x00000000bda60000)
  to   space 4352K,   0% used [0x00000000bda60000, 0x00000000bda60000, 0x00000000bdea0000)
 concurrent mark-sweep generation total 157804K, used 103141K [0x00000000cae00000, 0x00000000d481b000, 0x00000000ea200000)
 concurrent-mark-sweep perm gen total 107340K, used 81360K [0x00000000ea200000, 0x00000000f0ad3000, 0x0000000100000000)
Event: 87.474 GC heap after
Heap after GC invocations=71 (full 4):
 par new generation   total 39296K, used 2795K [0x00000000bb400000, 0x00000000bdea0000, 0x00000000cae00000)
  eden space 34944K,   0% used [0x00000000bb400000, 0x00000000bb400000, 0x00000000bd620000)
  from space 4352K,  64% used [0x00000000bda60000, 0x00000000bdd1afb8, 0x00000000bdea0000)
  to   space 4352K,   0% used [0x00000000bd620000, 0x00000000bd620000, 0x00000000bda60000)
 concurrent mark-sweep generation total 157804K, used 103216K [0x00000000cae00000, 0x00000000d481b000, 0x00000000ea200000)
 concurrent-mark-sweep perm gen total 107340K, used 81360K [0x00000000ea200000, 0x00000000f0ad3000, 0x0000000100000000)
}
Event: 88.844 GC heap before
{Heap before GC invocations=71 (full 4):
 par new generation   total 39296K, used 37683K [0x00000000bb400000, 0x00000000bdea0000, 0x00000000cae00000)
  eden space 34944K,  99% used [0x00000000bb400000, 0x00000000bd611e30, 0x00000000bd620000)
  from space 4352K,  64% used [0x00000000bda60000, 0x00000000bdd1afb8, 0x00000000bdea0000)
  to   space 4352K,   0% used [0x00000000bd620000, 0x00000000bd620000, 0x00000000bda60000)
 concurrent mark-sweep generation total 157804K, used 103216K [0x00000000cae00000, 0x00000000d481b000, 0x00000000ea200000)
 concurrent-mark-sweep perm gen total 107340K, used 81521K [0x00000000ea200000, 0x00000000f0ad3000, 0x0000000100000000)
Event: 88.849 GC heap after
Heap after GC invocations=72 (full 4):
 par new generation   total 39296K, used 4352K [0x00000000bb400000, 0x00000000bdea0000, 0x00000000cae00000)
  eden space 34944K,   0% used [0x00000000bb400000, 0x00000000bb400000, 0x00000000bd620000)
  from space 4352K, 100% used [0x00000000bd620000, 0x00000000bda60000, 0x00000000bda60000)
  to   space 4352K,   0% used [0x00000000bda60000, 0x00000000bda60000, 0x00000000bdea0000)
 concurrent mark-sweep generation total 157804K, used 104333K [0x00000000cae00000, 0x00000000d481b000, 0x00000000ea200000)
 concurrent-mark-sweep perm gen total 107340K, used 81521K [0x00000000ea200000, 0x00000000f0ad3000, 0x0000000100000000)
}
Event: 89.461 GC heap before
{Heap before GC invocations=72 (full 4):
 par new generation   total 39296K, used 39296K [0x00000000bb400000, 0x00000000bdea0000, 0x00000000cae00000)
  eden space 34944K, 100% used [0x00000000bb400000, 0x00000000bd620000, 0x00000000bd620000)
  from space 4352K, 100% used [0x00000000bd620000, 0x00000000bda60000, 0x00000000bda60000)
  to   space 4352K,   0% used [0x00000000bda60000, 0x00000000bda60000, 0x00000000bdea0000)
 concurrent mark-sweep generation total 157804K, used 104333K [0x00000000cae00000, 0x00000000d481b000, 0x00000000ea200000)
 concurrent-mark-sweep perm gen total 107340K, used 81790K [0x00000000ea200000, 0x00000000f0ad3000, 0x0000000100000000)
Event: 89.469 GC heap after
Heap after GC invocations=73 (full 4):
 par new generation   total 39296K, used 3598K [0x00000000bb400000, 0x00000000bdea0000, 0x00000000cae00000)
  eden space 34944K,   0% used [0x00000000bb400000, 0x00000000bb400000, 0x00000000bd620000)
  from space 4352K,  82% used [0x00000000bda60000, 0x00000000bdde3a30, 0x00000000bdea0000)
  to   space 4352K,   0% used [0x00000000bd620000, 0x00000000bd620000, 0x00000000bda60000)
 concurrent mark-sweep generation total 157804K, used 108280K [0x00000000cae00000, 0x00000000d481b000, 0x00000000ea200000)
 concurrent-mark-sweep perm gen total 107340K, used 81790K [0x00000000ea200000, 0x00000000f0ad3000, 0x0000000100000000)
}
Event: 91.655 GC heap before
{Heap before GC invocations=73 (full 4):
 par new generation   total 39296K, used 38542K [0x00000000bb400000, 0x00000000bdea0000, 0x00000000cae00000)
  eden space 34944K, 100% used [0x00000000bb400000, 0x00000000bd620000, 0x00000000bd620000)
  from space 4352K,  82% used [0x00000000bda60000, 0x00000000bdde3a30, 0x00000000bdea0000)
  to   space 4352K,   0% used [0x00000000bd620000, 0x00000000bd620000, 0x00000000bda60000)
 concurrent mark-sweep generation total 157804K, used 108280K [0x00000000cae00000, 0x00000000d481b000, 0x00000000ea200000)
 concurrent-mark-sweep perm gen total 107340K, used 81804K [0x00000000ea200000, 0x00000000f0ad3000, 0x0000000100000000)
Event: 91.659 GC heap after
Heap after GC invocations=74 (full 4):
 par new generation   total 39296K, used 1394K [0x00000000bb400000, 0x00000000bdea0000, 0x00000000cae00000)
  eden space 34944K,   0% used [0x00000000bb400000, 0x00000000bb400000, 0x00000000bd620000)
  from space 4352K,  32% used [0x00000000bd620000, 0x00000000bd77ca40, 0x00000000bda60000)
  to   space 4352K,   0% used [0x00000000bda60000, 0x00000000bda60000, 0x00000000bdea0000)
 concurrent mark-sweep generation total 157804K, used 108280K [0x00000000cae00000, 0x00000000d481b000, 0x00000000ea200000)
 concurrent-mark-sweep perm gen total 107340K, used 81804K [0x00000000ea200000, 0x00000000f0ad3000, 0x0000000100000000)
}

